<?xml version="1.0" encoding="UTF-8"?>
<!-- Generated by org.testng.reporters.JUnitXMLReporter -->
<testsuite ignored="0" hostname="LAPTOP-BN2PEUAF" failures="0" tests="7" name="Default test" time="13.096" errors="0" timestamp="2023-06-25T22:04:24 IST">
  <testcase classname="demo.Login" name="setup" time="4.038"/>
  <testcase classname="demo.Login" name="test_title" time="0.028"/>
  <testcase classname="demo.Login" name="test_login_details" time="6.14"/>
  <testcase classname="demo.Login" name="test_url" time="0.023"/>
  <testcase classname="demo.Login" name="test_table_clickable" time="0.076"/>
  <testcase classname="demo.Login" name="test_sort" time="2.158"/>
  <testcase classname="demo.Login" name="closeBrowser" time="0.511"/>
</testsuite> <!-- Default test -->
