<?xml version="1.0" encoding="UTF-8"?>
<!-- Generated by org.testng.reporters.JUnitXMLReporter -->
<testsuite ignored="0" hostname="LAPTOP-BN2PEUAF" failures="0" tests="7" name="Default test" time="13.816" errors="0" timestamp="2023-06-25T21:24:40 IST">
  <testcase classname="demo.Login" name="setup" time="4.782"/>
  <testcase classname="demo.Login" name="test_title" time="0.024"/>
  <testcase classname="demo.Login" name="test_login_details" time="6.279"/>
  <testcase classname="demo.Login" name="test_url" time="0.019"/>
  <testcase classname="demo.Login" name="test_table_clickable" time="0.073"/>
  <testcase classname="demo.Login" name="test_sort" time="2.2"/>
  <testcase classname="demo.Login" name="closeBrowser" time="0.319"/>
</testsuite> <!-- Default test -->
